# JRE version: OpenJDK Runtime Environment (11.0.11+9) (build 11.0.11+9-b60-7590822)
# Java VM: OpenJDK 64-Bit Server VM (11.0.11+9-b60-7590822, mixed mode, tiered, compressed oops, g1 gc, windows-amd64)
Heap:
 garbage-first heap   total 489472K, used 213829K [0x00000000a0000000, 0x0000000100000000)
  region size 1024K, 4 young (4096K), 4 survivors (4096K)
 Metaspace       used 149559K, capacity 153846K, committed 154492K, reserved 1183744K
  class space    used 18146K, capacity 19702K, committed 19916K, reserved 1048576K
GC Heap History (20 events):
Event: 559.163 GC heap after
{Heap after GC invocations=164 (full 0):
 garbage-first heap   total 325632K, used 193538K [0x00000000a0000000, 0x0000000100000000)
  region size 1024K, 11 young (11264K), 11 survivors (11264K)
 Metaspace       used 149065K, capacity 153514K, committed 153724K, reserved 1183744K
  class space    used 18207K, capacity 19817K, committed 19916K, reserved 1048576K
}
Event: 559.715 GC heap before
{Heap before GC invocations=165 (full 0):
 garbage-first heap   total 325632K, used 273410K [0x00000000a0000000, 0x0000000100000000)
  region size 1024K, 90 young (92160K), 11 survivors (11264K)
 Metaspace       used 149168K, capacity 153470K, committed 154236K, reserved 1183744K
  class space    used 18135K, capacity 19664K, committed 19916K, reserved 1048576K
}
Event: 559.728 GC heap after
{Heap after GC invocations=166 (full 0):
 garbage-first heap   total 375808K, used 190735K [0x00000000a0000000, 0x0000000100000000)
  region size 1024K, 3 young (3072K), 3 survivors (3072K)
 Metaspace       used 149168K, capacity 153470K, committed 154236K, reserved 1183744K
  class space    used 18135K, capacity 19664K, committed 19916K, reserved 1048576K
}
Event: 559.750 GC heap before
{Heap before GC invocations=166 (full 0):
 garbage-first heap   total 375808K, used 206095K [0x00000000a0000000, 0x0000000100000000)
  region size 1024K, 18 young (18432K), 3 survivors (3072K)
 Metaspace       used 149175K, capacity 153472K, committed 154236K, reserved 1183744K
  class space    used 18135K, capacity 19664K, committed 19916K, reserved 1048576K
}
Event: 559.763 GC heap after
{Heap after GC invocations=167 (full 0):
 garbage-first heap   total 375808K, used 185683K [0x00000000a0000000, 0x0000000100000000)
  region size 1024K, 3 young (3072K), 3 survivors (3072K)
 Metaspace       used 149175K, capacity 153472K, committed 154236K, reserved 1183744K
  class space    used 18135K, capacity 19664K, committed 19916K, reserved 1048576K
}
Event: 560.014 GC heap before
{Heap before GC invocations=167 (full 0):
 garbage-first heap   total 375808K, used 305491K [0x00000000a0000000, 0x0000000100000000)
  region size 1024K, 120 young (122880K), 3 survivors (3072K)
 Metaspace       used 149245K, capacity 153544K, committed 154236K, reserved 1183744K
  class space    used 18135K, capacity 19664K, committed 19916K, reserved 1048576K
}
Event: 560.025 GC heap after
{Heap after GC invocations=168 (full 0):
 garbage-first heap   total 375808K, used 195348K [0x00000000a0000000, 0x0000000100000000)
  region size 1024K, 13 young (13312K), 13 survivors (13312K)
 Metaspace       used 149245K, capacity 153544K, committed 154236K, reserved 1183744K
  class space    used 18135K, capacity 19664K, committed 19916K, reserved 1048576K
}
Event: 560.258 GC heap before
{Heap before GC invocations=168 (full 0):
 garbage-first heap   total 375808K, used 309012K [0x00000000a0000000, 0x0000000100000000)
  region size 1024K, 124 young (126976K), 13 survivors (13312K)
 Metaspace       used 149313K, capacity 153618K, committed 154236K, reserved 1183744K
  class space    used 18140K, capacity 19665K, committed 19916K, reserved 1048576K
}
Event: 560.313 GC heap after
{Heap after GC invocations=169 (full 0):
 garbage-first heap   total 375808K, used 194073K [0x00000000a0000000, 0x0000000100000000)
  region size 1024K, 3 young (3072K), 3 survivors (3072K)
 Metaspace       used 149313K, capacity 153618K, committed 154236K, reserved 1183744K
  class space    used 18140K, capacity 19665K, committed 19916K, reserved 1048576K
}
Event: 560.804 GC heap before
{Heap before GC invocations=169 (full 0):
 garbage-first heap   total 375808K, used 311833K [0x00000000a0000000, 0x0000000100000000)
  region size 1024K, 118 young (120832K), 3 survivors (3072K)
 Metaspace       used 149360K, capacity 153634K, committed 154236K, reserved 1183744K
  class space    used 18141K, capacity 19667K, committed 19916K, reserved 1048576K
}
Event: 560.815 GC heap after
{Heap after GC invocations=170 (full 0):
 garbage-first heap   total 375808K, used 197679K [0x00000000a0000000, 0x0000000100000000)
  region size 1024K, 6 young (6144K), 6 survivors (6144K)
 Metaspace       used 149360K, capacity 153634K, committed 154236K, reserved 1183744K
  class space    used 18141K, capacity 19667K, committed 19916K, reserved 1048576K
}
Event: 561.224 GC heap before
{Heap before GC invocations=170 (full 0):
 garbage-first heap   total 375808K, used 315439K [0x00000000a0000000, 0x0000000100000000)
  region size 1024K, 121 young (123904K), 6 survivors (6144K)
 Metaspace       used 149390K, capacity 153649K, committed 154236K, reserved 1183744K
  class space    used 18142K, capacity 19669K, committed 19916K, reserved 1048576K
}
Event: 561.235 GC heap after
{Heap after GC invocations=171 (full 0):
 garbage-first heap   total 375808K, used 202799K [0x00000000a0000000, 0x0000000100000000)
  region size 1024K, 11 young (11264K), 11 survivors (11264K)
 Metaspace       used 149390K, capacity 153649K, committed 154236K, reserved 1183744K
  class space    used 18142K, capacity 19669K, committed 19916K, reserved 1048576K
}
Event: 561.767 GC heap before
{Heap before GC invocations=171 (full 0):
 garbage-first heap   total 375808K, used 320559K [0x00000000a0000000, 0x0000000100000000)
  region size 1024K, 121 young (123904K), 11 survivors (11264K)
 Metaspace       used 149518K, capacity 153842K, committed 154492K, reserved 1183744K
  class space    used 18146K, capacity 19702K, committed 19916K, reserved 1048576K
}
Event: 561.780 GC heap after
{Heap after GC invocations=172 (full 0):
 garbage-first heap   total 375808K, used 208659K [0x00000000a0000000, 0x0000000100000000)
  region size 1024K, 15 young (15360K), 15 survivors (15360K)
 Metaspace       used 149518K, capacity 153842K, committed 154492K, reserved 1183744K
  class space    used 18146K, capacity 19702K, committed 19916K, reserved 1048576K
}
Event: 562.104 GC heap before
{Heap before GC invocations=172 (full 0):
 garbage-first heap   total 375808K, used 312083K [0x00000000a0000000, 0x0000000100000000)
  region size 1024K, 117 young (119808K), 15 survivors (15360K)
 Metaspace       used 149538K, capacity 153846K, committed 154492K, reserved 1183744K
  class space    used 18146K, capacity 19702K, committed 19916K, reserved 1048576K
}
Event: 562.119 GC heap after
{Heap after GC invocations=173 (full 0):
 garbage-first heap   total 375808K, used 210559K [0x00000000a0000000, 0x0000000100000000)
  region size 1024K, 11 young (11264K), 11 survivors (11264K)
 Metaspace       used 149538K, capacity 153846K, committed 154492K, reserved 1183744K
  class space    used 18146K, capacity 19702K, committed 19916K, reserved 1048576K
}
Event: 562.476 GC heap before
{Heap before GC invocations=173 (full 0):
 garbage-first heap   total 375808K, used 311935K [0x00000000a0000000, 0x0000000100000000)
  region size 1024K, 110 young (112640K), 11 survivors (11264K)
 Metaspace       used 149545K, capacity 153846K, committed 154492K, reserved 1183744K
  class space    used 18146K, capacity 19702K, committed 19916K, reserved 1048576K
}
Event: 562.493 GC heap after
{Heap after GC invocations=174 (full 0):
 garbage-first heap   total 375808K, used 213829K [0x00000000a0000000, 0x0000000100000000)
  region size 1024K, 4 young (4096K), 4 survivors (4096K)
 Metaspace       used 149545K, capacity 153846K, committed 154492K, reserved 1183744K
  class space    used 18146K, capacity 19702K, committed 19916K, reserved 1048576K
}
Event: 562.876 GC heap before
{Heap before GC invocations=174 (full 0):
 garbage-first heap   total 375808K, used 315205K [0x00000000a0000000, 0x0000000100000000)
  region size 1024K, 103 young (105472K), 4 survivors (4096K)
 Metaspace       used 149559K, capacity 153846K, committed 154492K, reserved 1183744K
  class space    used 18146K, capacity 19702K, committed 19916K, reserved 1048576K
}

